<?xml version="1.0" encoding="utf-8"?><testsuites name="pytest tests"><testsuite name="pytest" errors="0" failures="0" skipped="2" tests="51" time="7.105" timestamp="2026-09-02T05:18:43.621570+00:00" hostname="agent-env-34b07754-276f-4f1b-ab76-298ecb44fd31"><testcase classname="tests.test_core_api" name="test_list_batches" time="0.151" /><testcase classname="tests.test_refactor_regression" name="test_endpoints_respond[/]" time="0.134" /><testcase classname="tests.test_refactor_regression" name="test_endpoints_respond[/batches]" time="0.056" /><testcase classname="tests.test_core_api" name="test_list_students" time="0.080" /><testcase classname="tests.test_refactor_regression" name="test_endpoints_respond[/students]" time="0.083" /><testcase classname="tests.test_core_api" name="test_list_payments" time="0.131" /><testcase classname="tests.test_refactor_regression" name="test_endpoints_respond[/payments]" time="0.117" /><testcase classname="tests.test_core_api" name="test_list_events" time="0.106" /><testcase classname="tests.test_refactor_regression" name="test_endpoints_respond[/events]" time="0.055" /><testcase classname="tests.test_refactor_regression" name="test_endpoints_respond[/settings]" time="0.080" /><testcase classname="tests.test_core_api" name="test_seed_idempotent" time="0.000"><skipped type="pytest.skip" message="Assumes 6 seeded batches; DB holds real user data (16 batches). Seed is guarded server-side.">/app/backend/tests/test_core_api.py:55: Assumes 6 seeded batches; DB holds real user data (16 batches). Seed is guarded server-side.</skipped></testcase><testcase classname="tests.test_core_api" name="test_export_shape" time="0.137" /><testcase classname="tests.test_refactor_regression" name="test_endpoints_respond[/activities]" time="0.071" /><testcase classname="tests.test_refactor_regression" name="test_endpoints_respond[/export]" time="0.121" /><testcase classname="tests.test_core_api" name="test_delete_unknown_student" time="0.102" /><testcase classname="tests.test_core_api" name="test_create_batch_validation" time="0.061" /><testcase classname="tests.test_refactor_regression" name="test_real_data_counts" time="0.247" /><testcase classname="tests.test_undo_fixes" name="test_delete_unknown_id_returns_404[batches]" time="0.126" /><testcase classname="tests.test_undo_fixes" name="test_delete_unknown_id_returns_404[students]" time="0.121" /><testcase classname="tests.test_refactor_regression" name="test_export_contains_all_collections" time="0.126" /><testcase classname="tests.test_undo_fixes" name="test_delete_unknown_id_returns_404[payments]" time="0.114" /><testcase classname="tests.test_undo_fixes" name="test_delete_unknown_id_returns_404[events]" time="0.071" /><testcase classname="tests.test_refactor_regression" name="test_student_partial_update_preserves_other_fields" time="0.479" /><testcase classname="tests.test_undo_fixes" name="test_batch_id_passthrough_and_autogen" time="0.851" /><testcase classname="tests.test_refactor_regression" name="test_student_update_unknown_id_404" time="0.078" /><testcase classname="tests.test_refactor_regression" name="test_payment_cumulative_total_marks_paid" time="0.672" /><testcase classname="tests.test_undo_fixes" name="test_student_payment_id_passthrough" time="0.916" /><testcase classname="tests.test_refactor_regression" name="test_settings_partial_update_and_restore" time="0.452" /><testcase classname="tests.test_refactor_regression" name="test_event_create_and_delete" time="0.361" /><testcase classname="tests.test_undo_fixes" name="test_no_orphan_payments_and_baseline" time="0.299" /><testcase classname="tests.test_refactor_regression" name="test_batch_crud_lifecycle" time="0.327" /><testcase classname="tests.test_batch_put_nullid" name="test_batch_edit_preserves_id_and_created_at" time="0.390" /><testcase classname="tests.test_settings_activities.TestSettings" name="test_get_settings_shape" time="0.116" /><testcase classname="tests.test_settings_activities.TestSettings" name="test_put_settings_upsert_and_persist" time="0.200" /><testcase classname="tests.test_batch_put_nullid" name="test_batch_edit_with_explicit_null_id_does_not_corrupt" time="0.386" /><testcase classname="tests.test_settings_activities.TestSettings" name="test_partial_update_does_not_clobber" time="0.243" /><testcase classname="tests.test_settings_activities.TestSettings" name="test_invalid_auto_advance_day_type" time="0.060" /><testcase classname="tests.test_settings_activities.TestActivities" name="test_list_activities" time="0.056" /><testcase classname="tests.test_batch_put_nullid" name="test_batch_partial_edit_single_field" time="0.263"><skipped type="pytest.xfail" message="KNOWN MINOR DEFECT: BatchIn defaults (subject='', class_time='', monthly_fee=0) are not excluded by exclude_none, so omitting a field clobbers it. Use exclude_unset=True. No user impact today because the UI always sends the full batch object." /></testcase><testcase classname="tests.test_settings_activities.TestActivities" name="test_activity_logged_for_batch_student_payment" time="0.400" /><testcase classname="tests.test_batch_put_nullid" name="test_student_edit_preserves_fields" time="0.551" /><testcase classname="tests.test_settings_activities.TestActivities" name="test_topup_completing_month_is_logged_as_partial" time="0.887" /><testcase classname="tests.test_batch_put_nullid" name="test_payment_created_at_passthrough_and_autogen" time="0.750" /><testcase classname="tests.test_payment_backdate.TestPreviousMonthPayment" name="test_post_payment_stores_month_and_date_as_sent" time="0.621" /><testcase classname="tests.test_payment_backdate.TestDataIntegrity" name="test_batches_and_students_counts" time="0.182" /><testcase classname="tests.test_payment_backdate.TestDataIntegrity" name="test_payments_bulk_present" time="0.122" /><testcase classname="tests.test_payment_backdate.TestDataIntegrity" name="test_settings_and_activities" time="0.129" /><testcase classname="tests.test_payment_backdate.TestPreviousMonthPayment" name="test_payment_date_defaults_when_omitted" time="0.091" /><testcase classname="tests.test_settings_activities.TestExport" name="test_export_includes_settings_and_activities" time="0.208" /><testcase classname="tests.test_payment_backdate.TestPreviousMonthPayment" name="test_invalid_payment_payload_rejected" time="0.167" /><testcase classname="tests.test_settings_activities.TestDataVolume" name="test_core_list_endpoints" time="0.312" /></testsuite></testsuites>