<?xml version="1.0" encoding="utf-8"?><testsuites name="pytest tests"><testsuite name="pytest" errors="0" failures="1" skipped="0" tests="8" time="2.086" timestamp="2026-09-02T00:37:09.210413+00:00" hostname="agent-env-34b07754-276f-4f1b-ab76-298ecb44fd31"><testcase classname="tests.test_settings_activities.TestActivities" name="test_list_activities" time="0.287" /><testcase classname="tests.test_settings_activities.TestSettings" name="test_get_settings_shape" time="0.332" /><testcase classname="tests.test_settings_activities.TestActivities" name="test_activity_logged_for_batch_student_payment" time="0.549"><failure message="AssertionError: ['Partial payment ₹300: TEST_STU_ACT', 'Partial payment ₹200: TEST_STU_ACT', 'Added student: TEST_STU_ACT', 'Added batch: TEST_BATCH_ACT', 'Marked paid: Ankit']&#10;assert 'Marked paid: TEST_STU_ACT' in ['Partial payment ₹300: TEST_STU_ACT', 'Partial payment ₹200: TEST_STU_ACT', 'Added student: TEST_STU_ACT', 'Added batch: TEST_BATCH_ACT', 'Marked paid: Ankit', 'Marked paid: Gourab', ...]">tests/test_settings_activities.py:133: in test_activity_logged_for_batch_student_payment
    assert "Marked paid: TEST_STU_ACT" in msgs, msgs[:5]
E   AssertionError: ['Partial payment ₹300: TEST_STU_ACT', 'Partial payment ₹200: TEST_STU_ACT', 'Added student: TEST_STU_ACT', 'Added batch: TEST_BATCH_ACT', 'Marked paid: Ankit']
E   assert 'Marked paid: TEST_STU_ACT' in ['Partial payment ₹300: TEST_STU_ACT', 'Partial payment ₹200: TEST_STU_ACT', 'Added student: TEST_STU_ACT', 'Added batch: TEST_BATCH_ACT', 'Marked paid: Ankit', 'Marked paid: Gourab', ...]</failure></testcase><testcase classname="tests.test_settings_activities.TestSettings" name="test_put_settings_upsert_and_persist" time="0.391" /><testcase classname="tests.test_settings_activities.TestSettings" name="test_partial_update_does_not_clobber" time="0.350" /><testcase classname="tests.test_settings_activities.TestExport" name="test_export_includes_settings_and_activities" time="0.145" /><testcase classname="tests.test_settings_activities.TestDataVolume" name="test_core_list_endpoints" time="0.430" /><testcase classname="tests.test_settings_activities.TestSettings" name="test_invalid_auto_advance_day_type" time="0.149" /></testsuite></testsuites>