<?xml version="1.0" encoding="utf-8"?><testsuites name="pytest tests"><testsuite name="pytest" errors="0" failures="1" skipped="0" tests="8" time="1.575" timestamp="2026-09-01T16:29:05.901903+00:00" hostname="agent-env-34b07754-276f-4f1b-ab76-298ecb44fd31"><testcase classname="tests.test_core_api" name="test_list_batches" time="0.290" /><testcase classname="tests.test_core_api" name="test_list_students" time="0.087" /><testcase classname="tests.test_core_api" name="test_list_payments" time="0.095" /><testcase classname="tests.test_core_api" name="test_list_events" time="0.085" /><testcase classname="tests.test_core_api" name="test_seed_idempotent" time="0.171" /><testcase classname="tests.test_core_api" name="test_export_shape" time="0.099" /><testcase classname="tests.test_core_api" name="test_get_unknown_student_404" time="0.083"><failure message="AssertionError: {&quot;ok&quot;:true}&#10;assert 200 in (404, 400)&#10; +  where 200 = &lt;Response [200]&gt;.status_code">tests/test_core_api.py:73: in test_get_unknown_student_404
    assert r.status_code in (404, 400), r.text
E   AssertionError: {"ok":true}
E   assert 200 in (404, 400)
E    +  where 200 = &lt;Response [200]&gt;.status_code</failure></testcase><testcase classname="tests.test_core_api" name="test_create_batch_validation" time="0.082" /></testsuite></testsuites>