<?xml version="1.0" encoding="utf-8"?><testsuites name="pytest tests"><testsuite name="pytest" errors="0" failures="0" skipped="1" tests="39" time="5.788" timestamp="2026-09-02T04:57:19.358555+00:00" hostname="agent-env-34b07754-276f-4f1b-ab76-298ecb44fd31"><testcase classname="tests.test_core_api" name="test_list_batches" time="0.478" /><testcase classname="tests.test_refactor_regression" name="test_endpoints_respond[/]" time="0.460" /><testcase classname="tests.test_refactor_regression" name="test_endpoints_respond[/batches]" time="0.070" /><testcase classname="tests.test_core_api" name="test_list_students" time="0.091" /><testcase classname="tests.test_refactor_regression" name="test_endpoints_respond[/students]" time="0.079" /><testcase classname="tests.test_core_api" name="test_list_payments" time="0.147" /><testcase classname="tests.test_refactor_regression" name="test_endpoints_respond[/payments]" time="0.112" /><testcase classname="tests.test_core_api" name="test_list_events" time="0.082" /><testcase classname="tests.test_refactor_regression" name="test_endpoints_respond[/events]" time="0.109" /><testcase classname="tests.test_core_api" name="test_seed_idempotent" time="0.000"><skipped type="pytest.skip" message="Assumes 6 seeded batches; DB holds real user data (16 batches). Seed is guarded server-side.">/app/backend/tests/test_core_api.py:55: Assumes 6 seeded batches; DB holds real user data (16 batches). Seed is guarded server-side.</skipped></testcase><testcase classname="tests.test_core_api" name="test_export_shape" time="0.223" /><testcase classname="tests.test_refactor_regression" name="test_endpoints_respond[/settings]" time="0.065" /><testcase classname="tests.test_refactor_regression" name="test_endpoints_respond[/activities]" time="0.063" /><testcase classname="tests.test_refactor_regression" name="test_endpoints_respond[/export]" time="0.120" /><testcase classname="tests.test_core_api" name="test_delete_unknown_student" time="0.126" /><testcase classname="tests.test_refactor_regression" name="test_real_data_counts" time="0.253" /><testcase classname="tests.test_core_api" name="test_create_batch_validation" time="0.077" /><testcase classname="tests.test_settings_activities.TestSettings" name="test_get_settings_shape" time="0.107" /><testcase classname="tests.test_refactor_regression" name="test_export_contains_all_collections" time="0.117" /><testcase classname="tests.test_settings_activities.TestSettings" name="test_put_settings_upsert_and_persist" time="0.309" /><testcase classname="tests.test_refactor_regression" name="test_student_partial_update_preserves_other_fields" time="0.600" /><testcase classname="tests.test_settings_activities.TestSettings" name="test_partial_update_does_not_clobber" time="0.276" /><testcase classname="tests.test_settings_activities.TestSettings" name="test_invalid_auto_advance_day_type" time="0.102" /><testcase classname="tests.test_settings_activities.TestActivities" name="test_list_activities" time="0.057" /><testcase classname="tests.test_refactor_regression" name="test_student_update_unknown_id_404" time="0.112" /><testcase classname="tests.test_settings_activities.TestActivities" name="test_activity_logged_for_batch_student_payment" time="0.458" /><testcase classname="tests.test_refactor_regression" name="test_payment_cumulative_total_marks_paid" time="0.837" /><testcase classname="tests.test_settings_activities.TestActivities" name="test_topup_completing_month_is_logged_as_partial" time="1.151" /><testcase classname="tests.test_refactor_regression" name="test_settings_partial_update_and_restore" time="0.531" /><testcase classname="tests.test_refactor_regression" name="test_event_create_and_delete" time="0.304" /><testcase classname="tests.test_refactor_regression" name="test_batch_crud_lifecycle" time="0.338" /><testcase classname="tests.test_payment_backdate.TestPreviousMonthPayment" name="test_post_payment_stores_month_and_date_as_sent" time="0.606" /><testcase classname="tests.test_payment_backdate.TestDataIntegrity" name="test_batches_and_students_counts" time="0.260" /><testcase classname="tests.test_payment_backdate.TestPreviousMonthPayment" name="test_payment_date_defaults_when_omitted" time="0.170" /><testcase classname="tests.test_payment_backdate.TestDataIntegrity" name="test_payments_bulk_present" time="0.153" /><testcase classname="tests.test_payment_backdate.TestPreviousMonthPayment" name="test_invalid_payment_payload_rejected" time="0.137" /><testcase classname="tests.test_payment_backdate.TestDataIntegrity" name="test_settings_and_activities" time="0.202" /><testcase classname="tests.test_settings_activities.TestExport" name="test_export_includes_settings_and_activities" time="0.201" /><testcase classname="tests.test_settings_activities.TestDataVolume" name="test_core_list_endpoints" time="0.436" /></testsuite></testsuites>