<?xml version="1.0" encoding="utf-8"?><testsuites name="pytest tests"><testsuite name="pytest" errors="0" failures="4" skipped="11" tests="27" time="3.174" timestamp="2026-09-02T00:39:38.089112+00:00" hostname="agent-env-34b07754-276f-4f1b-ab76-298ecb44fd31"><testcase classname="tests.test_import_export.TestImport" name="test_import_valid_roundtrip" time="0.000"><skipped type="pytest.skip" message="Destructive (reset/seed/import) - set ALLOW_DESTRUCTIVE_TESTS=1 to run; wipes real user data">/app/backend/tests/test_import_export.py:69: Destructive (reset/seed/import) - set ALLOW_DESTRUCTIVE_TESTS=1 to run; wipes real user data</skipped></testcase><testcase classname="tests.test_core_api" name="test_list_batches" time="0.188"><failure message="AssertionError: expected 6 batches, got 16&#10;assert 16 == 6&#10; +  where 16 = len([{'id': 'morckbl675px1303e5r', 'name': 'CLASS 7', 'subject': 'English', 'class_time': '7.00', ...}, {'id': 'morcw3akki...0', ...}, {'id': 'mos17zpyrc3jjo7rgs', 'name': 'CLASS 12 NIGHT', 'subject': 'English', 'class_time': '7.00', ...}, ...])">E   AssertionError: expected 6 batches, got 16
    assert 16 == 6
     +  where 16 = len([{'id': 'morckbl675px1303e5r', 'name': 'CLASS 7', 'subject': 'English', 'class_time': '7.00', ...}, {'id': 'morcw3akki...0', ...}, {'id': 'mos17zpyrc3jjo7rgs', 'name': 'CLASS 12 NIGHT', 'subject': 'English', 'class_time': '7.00', ...}, ...])</failure></testcase><testcase classname="tests.test_import_export.TestImport" name="test_import_malformed_types_sanitized" time="0.000"><skipped type="pytest.skip" message="Destructive (reset/seed/import) - set ALLOW_DESTRUCTIVE_TESTS=1 to run; wipes real user data">/app/backend/tests/test_import_export.py:91: Destructive (reset/seed/import) - set ALLOW_DESTRUCTIVE_TESTS=1 to run; wipes real user data</skipped></testcase><testcase classname="tests.test_import_export.TestImport" name="test_import_strips_mongo_id" time="0.000"><skipped type="pytest.skip" message="Destructive (reset/seed/import) - set ALLOW_DESTRUCTIVE_TESTS=1 to run; wipes real user data">/app/backend/tests/test_import_export.py:108: Destructive (reset/seed/import) - set ALLOW_DESTRUCTIVE_TESTS=1 to run; wipes real user data</skipped></testcase><testcase classname="tests.test_import_export.TestImport" name="test_import_empty_payload" time="0.000"><skipped type="pytest.skip" message="Destructive (reset/seed/import) - set ALLOW_DESTRUCTIVE_TESTS=1 to run; wipes real user data">/app/backend/tests/test_import_export.py:119: Destructive (reset/seed/import) - set ALLOW_DESTRUCTIVE_TESTS=1 to run; wipes real user data</skipped></testcase><testcase classname="tests.test_import_export.TestImport" name="test_import_non_object_body" time="0.000"><skipped type="pytest.skip" message="Destructive (reset/seed/import) - set ALLOW_DESTRUCTIVE_TESTS=1 to run; wipes real user data">/app/backend/tests/test_import_export.py:124: Destructive (reset/seed/import) - set ALLOW_DESTRUCTIVE_TESTS=1 to run; wipes real user data</skipped></testcase><testcase classname="tests.test_import_export.TestCoreEndpoints" name="test_list_endpoints[/api/batches]" time="0.000"><skipped type="pytest.skip" message="Destructive (reset/seed/import) - set ALLOW_DESTRUCTIVE_TESTS=1 to run; wipes real user data">/app/backend/tests/test_import_export.py:131: Destructive (reset/seed/import) - set ALLOW_DESTRUCTIVE_TESTS=1 to run; wipes real user data</skipped></testcase><testcase classname="tests.test_import_export.TestCoreEndpoints" name="test_list_endpoints[/api/students]" time="0.000"><skipped type="pytest.skip" message="Destructive (reset/seed/import) - set ALLOW_DESTRUCTIVE_TESTS=1 to run; wipes real user data">/app/backend/tests/test_import_export.py:131: Destructive (reset/seed/import) - set ALLOW_DESTRUCTIVE_TESTS=1 to run; wipes real user data</skipped></testcase><testcase classname="tests.test_import_export.TestCoreEndpoints" name="test_list_endpoints[/api/payments]" time="0.000"><skipped type="pytest.skip" message="Destructive (reset/seed/import) - set ALLOW_DESTRUCTIVE_TESTS=1 to run; wipes real user data">/app/backend/tests/test_import_export.py:131: Destructive (reset/seed/import) - set ALLOW_DESTRUCTIVE_TESTS=1 to run; wipes real user data</skipped></testcase><testcase classname="tests.test_import_export.TestCoreEndpoints" name="test_list_endpoints[/api/events]" time="0.000"><skipped type="pytest.skip" message="Destructive (reset/seed/import) - set ALLOW_DESTRUCTIVE_TESTS=1 to run; wipes real user data">/app/backend/tests/test_import_export.py:131: Destructive (reset/seed/import) - set ALLOW_DESTRUCTIVE_TESTS=1 to run; wipes real user data</skipped></testcase><testcase classname="tests.test_settings_activities.TestSettings" name="test_get_settings_shape" time="0.174" /><testcase classname="tests.test_settings_activities.TestSettings" name="test_put_settings_upsert_and_persist" time="0.328" /><testcase classname="tests.test_core_api" name="test_list_students" time="0.096"><failure message="AssertionError: expected 12 students, got 629&#10;assert 629 == 12&#10; +  where 629 = len([{'id': 'morcu3bn16licoj1w7q', 'name': 'Nabajit', 'phone': '9366574778', 'batch_id': 'morckbl675px1303e5r', ...}, {'id...id': 'movjv2mpm2r9ftx34ni', 'name': 'Rajdip saha', 'phone': '8014255050', 'batch_id': 'morckbl675px1303e5r', ...}, ...])">E   AssertionError: expected 12 students, got 629
    assert 629 == 12
     +  where 629 = len([{'id': 'morcu3bn16licoj1w7q', 'name': 'Nabajit', 'phone': '9366574778', 'batch_id': 'morckbl675px1303e5r', ...}, {'id...id': 'movjv2mpm2r9ftx34ni', 'name': 'Rajdip saha', 'phone': '8014255050', 'batch_id': 'morckbl675px1303e5r', ...}, ...])</failure></testcase><testcase classname="tests.test_core_api" name="test_list_payments" time="0.577"><failure message="AssertionError: expected 44 payments, got 2088&#10;assert 2088 == 44&#10; +  where 2088 = len([{'id': 'mtipyja0rrmtege681q-p', 'student_id': 'mtipyja0rrmtege681q', 'month': '2026-09', 'amount': 800, ...}, {'id': .....}, {'id': 'mti2r8cvoybtuejwcjh-p', 'student_id': 'motmqn2f1v8fu04ltgp', 'month': '2026-09', 'amount': 700, ...}, ...])">E   AssertionError: expected 44 payments, got 2088
    assert 2088 == 44
     +  where 2088 = len([{'id': 'mtipyja0rrmtege681q-p', 'student_id': 'mtipyja0rrmtege681q', 'month': '2026-09', 'amount': 800, ...}, {'id': .....}, {'id': 'mti2r8cvoybtuejwcjh-p', 'student_id': 'motmqn2f1v8fu04ltgp', 'month': '2026-09', 'amount': 700, ...}, ...])</failure></testcase><testcase classname="tests.test_settings_activities.TestSettings" name="test_partial_update_does_not_clobber" time="0.821" /><testcase classname="tests.test_core_api" name="test_list_events" time="0.118" /><testcase classname="tests.test_core_api" name="test_seed_idempotent" time="0.000"><skipped type="pytest.skip" message="Assumes 6 seeded batches; DB holds real user data (16 batches). Seed is guarded server-side.">/app/backend/tests/test_core_api.py:55: Assumes 6 seeded batches; DB holds real user data (16 batches). Seed is guarded server-side.</skipped></testcase><testcase classname="tests.test_core_api" name="test_export_shape" time="0.144" /><testcase classname="tests.test_core_api" name="test_delete_unknown_student" time="0.080" /><testcase classname="tests.test_core_api" name="test_create_batch_validation" time="0.065" /><testcase classname="tests.test_import_export.TestExport" name="test_export_shape" time="0.000"><skipped type="pytest.skip" message="Destructive (reset/seed/import) - set ALLOW_DESTRUCTIVE_TESTS=1 to run; wipes real user data">/app/backend/tests/test_import_export.py:51: Destructive (reset/seed/import) - set ALLOW_DESTRUCTIVE_TESTS=1 to run; wipes real user data</skipped></testcase><testcase classname="tests.test_settings_activities.TestExport" name="test_export_includes_settings_and_activities" time="0.250" /><testcase classname="tests.test_settings_activities.TestSettings" name="test_invalid_auto_advance_day_type" time="0.056" /><testcase classname="tests.test_settings_activities.TestActivities" name="test_list_activities" time="0.086" /><testcase classname="tests.test_settings_activities.TestActivities" name="test_activity_logged_for_batch_student_payment" time="0.533" /><testcase classname="tests.test_settings_activities.TestDataVolume" name="test_core_list_endpoints" time="0.589" /><testcase classname="tests.test_settings_activities.TestActivities" name="test_topup_completing_month_is_logged_as_partial" time="0.604"><failure message="AssertionError: Top-up completing the month logged as 'Partial payment ₹300: TEST_STU_TOPUP' instead of 'Marked paid'&#10;assert 'Partial paym...EST_STU_TOPUP' == 'Marked paid: TEST_STU_TOPUP'&#10;  &#10;  - Marked paid: TEST_STU_TOPUP&#10;  + Partial payment ₹300: TEST_STU_TOPUP">E   AssertionError: Top-up completing the month logged as 'Partial payment ₹300: TEST_STU_TOPUP' instead of 'Marked paid'
    assert 'Partial paym...EST_STU_TOPUP' == 'Marked paid: TEST_STU_TOPUP'
      
      - Marked paid: TEST_STU_TOPUP
      + Partial payment ₹300: TEST_STU_TOPUP</failure></testcase></testsuite></testsuites>