<?xml version="1.0" encoding="utf-8"?><testsuites name="pytest tests"><testsuite name="pytest" errors="0" failures="1" skipped="1" tests="46" time="5.849" timestamp="2026-09-02T05:13:38.727918+00:00" hostname="agent-env-34b07754-276f-4f1b-ab76-298ecb44fd31"><testcase classname="tests.test_core_api" name="test_list_batches" time="0.124" /><testcase classname="tests.test_refactor_regression" name="test_endpoints_respond[/]" time="0.115" /><testcase classname="tests.test_refactor_regression" name="test_endpoints_respond[/batches]" time="0.069" /><testcase classname="tests.test_core_api" name="test_list_students" time="0.064" /><testcase classname="tests.test_refactor_regression" name="test_endpoints_respond[/students]" time="0.062" /><testcase classname="tests.test_core_api" name="test_list_payments" time="0.110" /><testcase classname="tests.test_refactor_regression" name="test_endpoints_respond[/payments]" time="0.097" /><testcase classname="tests.test_core_api" name="test_list_events" time="0.081" /><testcase classname="tests.test_refactor_regression" name="test_endpoints_respond[/events]" time="0.046" /><testcase classname="tests.test_core_api" name="test_seed_idempotent" time="0.000"><skipped type="pytest.skip" message="Assumes 6 seeded batches; DB holds real user data (16 batches). Seed is guarded server-side.">/app/backend/tests/test_core_api.py:55: Assumes 6 seeded batches; DB holds real user data (16 batches). Seed is guarded server-side.</skipped></testcase><testcase classname="tests.test_core_api" name="test_export_shape" time="0.120" /><testcase classname="tests.test_refactor_regression" name="test_endpoints_respond[/settings]" time="0.039" /><testcase classname="tests.test_refactor_regression" name="test_endpoints_respond[/activities]" time="0.045" /><testcase classname="tests.test_refactor_regression" name="test_endpoints_respond[/export]" time="0.109" /><testcase classname="tests.test_core_api" name="test_delete_unknown_student" time="0.069" /><testcase classname="tests.test_core_api" name="test_create_batch_validation" time="0.042" /><testcase classname="tests.test_refactor_regression" name="test_real_data_counts" time="0.213" /><testcase classname="tests.test_undo_fixes" name="test_delete_unknown_id_returns_404[batches]" time="0.113" /><testcase classname="tests.test_undo_fixes" name="test_delete_unknown_id_returns_404[students]" time="0.078" /><testcase classname="tests.test_refactor_regression" name="test_export_contains_all_collections" time="0.126" /><testcase classname="tests.test_undo_fixes" name="test_delete_unknown_id_returns_404[payments]" time="0.105" /><testcase classname="tests.test_undo_fixes" name="test_delete_unknown_id_returns_404[events]" time="0.057" /><testcase classname="tests.test_undo_fixes" name="test_batch_id_passthrough_and_autogen" time="0.505" /><testcase classname="tests.test_refactor_regression" name="test_student_partial_update_preserves_other_fields" time="0.392" /><testcase classname="tests.test_refactor_regression" name="test_student_update_unknown_id_404" time="0.048" /><testcase classname="tests.test_refactor_regression" name="test_payment_cumulative_total_marks_paid" time="0.446" /><testcase classname="tests.test_undo_fixes" name="test_student_payment_id_passthrough" time="0.698" /><testcase classname="tests.test_refactor_regression" name="test_settings_partial_update_and_restore" time="0.395" /><testcase classname="tests.test_undo_fixes" name="test_no_orphan_payments_and_baseline" time="0.257" /><testcase classname="tests.test_refactor_regression" name="test_event_create_and_delete" time="0.304" /><testcase classname="tests.test_settings_activities.TestSettings" name="test_get_settings_shape" time="0.153" /><testcase classname="tests.test_refactor_regression" name="test_batch_crud_lifecycle" time="0.234"><failure message="StopIteration">E   StopIteration</failure></testcase><testcase classname="tests.test_settings_activities.TestSettings" name="test_put_settings_upsert_and_persist" time="0.300" /><testcase classname="tests.test_settings_activities.TestActivities" name="test_list_activities" time="0.189" /><testcase classname="tests.test_settings_activities.TestSettings" name="test_partial_update_does_not_clobber" time="0.284" /><testcase classname="tests.test_settings_activities.TestActivities" name="test_activity_logged_for_batch_student_payment" time="0.644" /><testcase classname="tests.test_settings_activities.TestSettings" name="test_invalid_auto_advance_day_type" time="0.113" /><testcase classname="tests.test_payment_backdate.TestPreviousMonthPayment" name="test_post_payment_stores_month_and_date_as_sent" time="0.856" /><testcase classname="tests.test_settings_activities.TestActivities" name="test_topup_completing_month_is_logged_as_partial" time="1.269" /><testcase classname="tests.test_payment_backdate.TestPreviousMonthPayment" name="test_payment_date_defaults_when_omitted" time="0.127" /><testcase classname="tests.test_payment_backdate.TestPreviousMonthPayment" name="test_invalid_payment_payload_rejected" time="0.130" /><testcase classname="tests.test_settings_activities.TestExport" name="test_export_includes_settings_and_activities" time="0.222" /><testcase classname="tests.test_settings_activities.TestDataVolume" name="test_core_list_endpoints" time="0.340" /><testcase classname="tests.test_payment_backdate.TestDataIntegrity" name="test_batches_and_students_counts" time="0.249" /><testcase classname="tests.test_payment_backdate.TestDataIntegrity" name="test_payments_bulk_present" time="0.127" /><testcase classname="tests.test_payment_backdate.TestDataIntegrity" name="test_settings_and_activities" time="0.115" /></testsuite></testsuites>