<?xml version="1.0" encoding="utf-8"?><testsuites name="pytest tests"><testsuite name="pytest" errors="0" failures="2" skipped="0" tests="16" time="4.013" timestamp="2026-09-02T04:50:25.037250+00:00" hostname="agent-env-34b07754-276f-4f1b-ab76-298ecb44fd31"><testcase classname="tests.test_refactor_regression" name="test_endpoints_respond[/]" time="0.189" /><testcase classname="tests.test_refactor_regression" name="test_endpoints_respond[/batches]" time="0.072" /><testcase classname="tests.test_refactor_regression" name="test_endpoints_respond[/students]" time="0.097"><failure message="AssertionError: /students may leak mongo _id&#10;assert '_id' not in '[{&quot;id&quot;:&quot;mor...ee&quot;:700,&quot;joi'&#10;  &#10;  '_id' is contained here:&#10;    [{&quot;id&quot;:&quot;morcu3bn16licoj1w7q&quot;,&quot;name&quot;:&quot;Nabajit&quot;,&quot;phone&quot;:&quot;9366574778&quot;,&quot;batch_id&quot;:&quot;morckbl675px1303e5r&quot;,&quot;monthly_fee&quot;:600,&quot;join_month&quot;:&quot;2026-05&quot;,&quot;notes&quot;:&quot;&quot;},{&quot;id&quot;:&quot;mou2d89s60cnx1sb4on&quot;,&quot;name&quot;:&quot;Anupam&quot;,&quot;phone&quot;:&quot;7638926582&quot;,&quot;batch_id&quot;:&quot;morckbl675px1303e5r&quot;,&quot;monthly_fee&quot;:500,&quot;join_month&quot;:&quot;2026-05&quot;,&quot;notes&quot;:&quot;&quot;},{&quot;id&quot;:&quot;movjnip0gn54j4z0yor&quot;,&quot;name&quot;:&quot;Risha&quot;,&quot;phone&quot;:&quot;9774942661&quot;,&quot;batch_id&quot;:&quot;morckbl675px1303e5r&quot;,&quot;monthly_fee&quot;:500,&quot;join_month&quot;:&quot;2026-05&quot;,&quot;notes&quot;:&quot;&quot;},{&quot;id&quot;:&quot;movjt44f1ddfvhlzu51&quot;,&quot;name&quot;:&quot;Diya&quot;,&quot;phone&quot;:&quot;9362256372&quot;,&quot;batch_id&quot;:&quot;morckbl675px1303e5r&quot;,&quot;monthly_fee&quot;:600,&quot;join...&#10;  &#10;  ...Full output truncated (2 lines hidden), use '-vv' to show">tests/test_refactor_regression.py:44: in test_endpoints_respond
    assert "_id" not in str(r.text[:5000]).replace('"student_id"', ''), f"{path} may leak mongo _id"
E   AssertionError: /students may leak mongo _id
E   assert '_id' not in '[{"id":"mor...ee":700,"joi'
E     
E     '_id' is contained here:
E       [{"id":"morcu3bn16licoj1w7q","name":"Nabajit","phone":"9366574778","batch_id":"morckbl675px1303e5r","monthly_fee":600,"join_month":"2026-05","notes":""},{"id":"mou2d89s60cnx1sb4on","name":"Anupam","phone":"7638926582","batch_id":"morckbl675px1303e5r","monthly_fee":500,"join_month":"2026-05","notes":""},{"id":"movjnip0gn54j4z0yor","name":"Risha","phone":"9774942661","batch_id":"morckbl675px1303e5r","monthly_fee":500,"join_month":"2026-05","notes":""},{"id":"movjt44f1ddfvhlzu51","name":"Diya","phone":"9362256372","batch_id":"morckbl675px1303e5r","monthly_fee":600,"join...
E     
E     ...Full output truncated (2 lines hidden), use '-vv' to show</failure></testcase><testcase classname="tests.test_refactor_regression" name="test_endpoints_respond[/payments]" time="0.158" /><testcase classname="tests.test_refactor_regression" name="test_endpoints_respond[/events]" time="0.083" /><testcase classname="tests.test_refactor_regression" name="test_endpoints_respond[/settings]" time="0.134" /><testcase classname="tests.test_refactor_regression" name="test_endpoints_respond[/activities]" time="0.070" /><testcase classname="tests.test_refactor_regression" name="test_endpoints_respond[/export]" time="0.151"><failure message="AssertionError: /export may leak mongo _id&#10;assert '_id' not in '{&quot;exported_...ly_fee&quot;:700,'&#10;  &#10;  '_id' is contained here:&#10;    {&quot;exported_at&quot;:&quot;2026-09-02T04:50:26.355107+00:00&quot;,&quot;batches&quot;:[{&quot;id&quot;:&quot;morckbl675px1303e5r&quot;,&quot;name&quot;:&quot;CLASS 7&quot;,&quot;subject&quot;:&quot;English&quot;,&quot;class_time&quot;:&quot;7.00&quot;,&quot;monthly_fee&quot;:600},{&quot;id&quot;:&quot;morcw3akkihr2i95fo&quot;,&quot;name&quot;:&quot;CLASS 8&quot;,&quot;subject&quot;:&quot;English&quot;,&quot;class_time&quot;:&quot;8.00&quot;,&quot;monthly_fee&quot;:700},{&quot;id&quot;:&quot;morxcuf5nx25avdifx&quot;,&quot;name&quot;:&quot;CLASS 10 MORNING&quot;,&quot;subject&quot;:&quot;English&quot;,&quot;class_time&quot;:&quot;6.30&quot;,&quot;monthly_fee&quot;:700},{&quot;id&quot;:&quot;mos12cxf3rhfa3a5o3&quot;,&quot;name&quot;:&quot;CLASS 10 EVENING&quot;,&quot;subject&quot;:&quot;English&quot;,&quot;class_time&quot;:&quot;5.30&quot;,&quot;monthly_fee&quot;:700},{&quot;id&quot;:&quot;mos17fhupx0pf67ga1n&quot;,&quot;name&quot;:&quot;CLASS 12 EVENING&quot;,&quot;subject&quot;:&quot;English&quot;,&quot;class_...&#10;  &#10;  ...Full output truncated (2 lines hidden), use '-vv' to show">tests/test_refactor_regression.py:44: in test_endpoints_respond
    assert "_id" not in str(r.text[:5000]).replace('"student_id"', ''), f"{path} may leak mongo _id"
E   AssertionError: /export may leak mongo _id
E   assert '_id' not in '{"exported_...ly_fee":700,'
E     
E     '_id' is contained here:
E       {"exported_at":"2026-09-02T04:50:26.355107+00:00","batches":[{"id":"morckbl675px1303e5r","name":"CLASS 7","subject":"English","class_time":"7.00","monthly_fee":600},{"id":"morcw3akkihr2i95fo","name":"CLASS 8","subject":"English","class_time":"8.00","monthly_fee":700},{"id":"morxcuf5nx25avdifx","name":"CLASS 10 MORNING","subject":"English","class_time":"6.30","monthly_fee":700},{"id":"mos12cxf3rhfa3a5o3","name":"CLASS 10 EVENING","subject":"English","class_time":"5.30","monthly_fee":700},{"id":"mos17fhupx0pf67ga1n","name":"CLASS 12 EVENING","subject":"English","class_...
E     
E     ...Full output truncated (2 lines hidden), use '-vv' to show</failure></testcase><testcase classname="tests.test_refactor_regression" name="test_real_data_counts" time="0.268" /><testcase classname="tests.test_refactor_regression" name="test_export_contains_all_collections" time="0.135" /><testcase classname="tests.test_refactor_regression" name="test_student_partial_update_preserves_other_fields" time="0.487" /><testcase classname="tests.test_refactor_regression" name="test_student_update_unknown_id_404" time="0.066" /><testcase classname="tests.test_refactor_regression" name="test_payment_cumulative_total_marks_paid" time="0.576" /><testcase classname="tests.test_refactor_regression" name="test_settings_partial_update_and_restore" time="0.380" /><testcase classname="tests.test_refactor_regression" name="test_event_create_and_delete" time="0.284" /><testcase classname="tests.test_refactor_regression" name="test_batch_crud_lifecycle" time="0.337" /></testsuite></testsuites>