<?xml version="1.0" encoding="utf-8"?><testsuites name="pytest tests"><testsuite name="pytest" errors="0" failures="0" skipped="0" tests="10" time="2.484" timestamp="2026-09-01T15:40:24.179261+00:00" hostname="agent-env-34b07754-276f-4f1b-ab76-298ecb44fd31"><testcase classname="tests.test_import_export.TestCoreEndpoints" name="test_list_endpoints[/api/batches]" time="0.500" /><testcase classname="tests.test_import_export.TestImport" name="test_import_valid_roundtrip" time="0.888" /><testcase classname="tests.test_import_export.TestCoreEndpoints" name="test_list_endpoints[/api/students]" time="0.086" /><testcase classname="tests.test_import_export.TestCoreEndpoints" name="test_list_endpoints[/api/payments]" time="0.084" /><testcase classname="tests.test_import_export.TestCoreEndpoints" name="test_list_endpoints[/api/events]" time="0.119" /><testcase classname="tests.test_import_export.TestExport" name="test_export_shape" time="0.281" /><testcase classname="tests.test_import_export.TestImport" name="test_import_malformed_types_sanitized" time="0.258" /><testcase classname="tests.test_import_export.TestImport" name="test_import_strips_mongo_id" time="0.183" /><testcase classname="tests.test_import_export.TestImport" name="test_import_empty_payload" time="0.169" /><testcase classname="tests.test_import_export.TestImport" name="test_import_non_object_body" time="0.318" /></testsuite></testsuites>