<?xml version="1.0" encoding="utf-8"?><testsuites name="pytest tests"><testsuite name="pytest" errors="0" failures="1" skipped="1" tests="23" time="3.253" timestamp="2026-09-02T04:15:03.371954+00:00" hostname="agent-env-34b07754-276f-4f1b-ab76-298ecb44fd31"><testcase classname="tests.test_core_api" name="test_list_batches" time="0.147" /><testcase classname="tests.test_settings_activities.TestSettings" name="test_get_settings_shape" time="0.193" /><testcase classname="tests.test_core_api" name="test_list_students" time="0.072" /><testcase classname="tests.test_settings_activities.TestSettings" name="test_put_settings_upsert_and_persist" time="0.213" /><testcase classname="tests.test_core_api" name="test_list_payments" time="0.111" /><testcase classname="tests.test_core_api" name="test_list_events" time="0.044" /><testcase classname="tests.test_core_api" name="test_seed_idempotent" time="0.000"><skipped type="pytest.skip" message="Assumes 6 seeded batches; DB holds real user data (16 batches). Seed is guarded server-side.">/app/backend/tests/test_core_api.py:55: Assumes 6 seeded batches; DB holds real user data (16 batches). Seed is guarded server-side.</skipped></testcase><testcase classname="tests.test_core_api" name="test_export_shape" time="0.106" /><testcase classname="tests.test_settings_activities.TestSettings" name="test_partial_update_does_not_clobber" time="0.217" /><testcase classname="tests.test_core_api" name="test_delete_unknown_student" time="0.047" /><testcase classname="tests.test_core_api" name="test_create_batch_validation" time="0.043" /><testcase classname="tests.test_payment_backdate.TestDataIntegrity" name="test_batches_and_students_counts" time="0.190" /><testcase classname="tests.test_settings_activities.TestSettings" name="test_invalid_auto_advance_day_type" time="0.050" /><testcase classname="tests.test_payment_backdate.TestDataIntegrity" name="test_payments_bulk_present" time="0.198" /><testcase classname="tests.test_payment_backdate.TestPreviousMonthPayment" name="test_post_payment_stores_month_and_date_as_sent" time="0.495" /><testcase classname="tests.test_payment_backdate.TestDataIntegrity" name="test_settings_and_activities" time="0.114" /><testcase classname="tests.test_settings_activities.TestActivities" name="test_list_activities" time="0.137" /><testcase classname="tests.test_payment_backdate.TestPreviousMonthPayment" name="test_payment_date_defaults_when_omitted" time="0.094" /><testcase classname="tests.test_settings_activities.TestActivities" name="test_activity_logged_for_batch_student_payment" time="0.563" /><testcase classname="tests.test_payment_backdate.TestPreviousMonthPayment" name="test_invalid_payment_payload_rejected" time="0.099" /><testcase classname="tests.test_settings_activities.TestExport" name="test_export_includes_settings_and_activities" time="0.175" /><testcase classname="tests.test_settings_activities.TestActivities" name="test_topup_completing_month_is_logged_as_partial" time="0.341"><failure message="AssertionError: Top-up completing the month logged as 'Partial payment ₹300: TEST_STU_TOPUP' instead of 'Marked paid'&#10;assert 'Partial paym...EST_STU_TOPUP' == 'Marked paid: TEST_STU_TOPUP'&#10;  &#10;  - Marked paid: TEST_STU_TOPUP&#10;  + Partial payment ₹300: TEST_STU_TOPUP">tests/test_settings_activities.py:149: in test_topup_completing_month_is_logged_as_partial
    assert msgs[0] == "Marked paid: TEST_STU_TOPUP", (
E   AssertionError: Top-up completing the month logged as 'Partial payment ₹300: TEST_STU_TOPUP' instead of 'Marked paid'
E   assert 'Partial paym...EST_STU_TOPUP' == 'Marked paid: TEST_STU_TOPUP'
E     
E     - Marked paid: TEST_STU_TOPUP
E     + Partial payment ₹300: TEST_STU_TOPUP</failure></testcase><testcase classname="tests.test_settings_activities.TestDataVolume" name="test_core_list_endpoints" time="0.598" /></testsuite></testsuites>